<?xml version="1.0" encoding="UTF-8"?>
<testng-results skipped="0" failed="0" ignored="0" total="1" passed="1">
  <reporter-output>
  </reporter-output>
  <suite name="Default suite" duration-ms="32718" started-at="2018-10-28T15:17:15Z" finished-at="2018-10-28T15:17:48Z">
    <groups>
    </groups>
    <test name="Default test" duration-ms="32718" started-at="2018-10-28T15:17:15Z" finished-at="2018-10-28T15:17:48Z">
      <class name="com.organization.name.SalesforceReg.com.organization.name.SalesforceReg.Naukri">
        <test-method status="PASS" signature="f()[pri:0, instance:com.organization.name.SalesforceReg.com.organization.name.SalesforceReg.Naukri@3532ec19]" name="f" duration-ms="32671" started-at="2018-10-28T15:17:15Z" finished-at="2018-10-28T15:17:48Z">
          <reporter-output>
          </reporter-output>
        </test-method> <!-- f -->
      </class> <!-- com.organization.name.SalesforceReg.com.organization.name.SalesforceReg.Naukri -->
    </test> <!-- Default test -->
  </suite> <!-- Default suite -->
</testng-results>
